Build started 12/5/2015 10:52:12 AM.
     1>Project "C:\Users\Michael\Documents\Visual Studio 2010\Projects\Conway\Conway\Conway.vcxproj" on node 2 (build target(s)).
     1>InitializeBuildStatus:
         Creating "Debug\Conway.unsuccessfulbuild" because "AlwaysCreate" was specified.
       ClCompile:
         C:\Program Files (x86)\Microsoft Visual Studio 10.0\VC\bin\CL.exe /c /ZI /nologo /W3 /WX- /Od /Oy- /D WIN32 /D _DEBUG /D _CONSOLE /D _UNICODE /D UNICODE /Gm /EHsc /RTC1 /MDd /GS /fp:precise /Zc:wchar_t /Zc:forScope /Fo"Debug\\" /Fd"Debug\vc100.pdb" /Gd /TP /analyze- /errorReport:prompt Main1_0.cpp
         Main1_0.cpp
     1>c:\users\michael\documents\visual studio 2010\projects\conway\conway\main1_0.cpp(241): warning C4715: 'cellChecker' : not all control paths return a value
       ManifestResourceCompile:
         All outputs are up-to-date.
       Link:
         C:\Program Files (x86)\Microsoft Visual Studio 10.0\VC\bin\link.exe /ERRORREPORT:PROMPT /OUT:"C:\Users\Michael\Documents\Visual Studio 2010\Projects\Conway\Debug\Conway.exe" /INCREMENTAL /NOLOGO kernel32.lib user32.lib gdi32.lib winspool.lib comdlg32.lib advapi32.lib shell32.lib ole32.lib oleaut32.lib uuid.lib odbc32.lib odbccp32.lib /MANIFEST /ManifestFile:"Debug\Conway.exe.intermediate.manifest" /MANIFESTUAC:"level='asInvoker' uiAccess='false'" /DEBUG /PDB:"C:\Users\Michael\Documents\Visual Studio 2010\Projects\Conway\Debug\Conway.pdb" /SUBSYSTEM:CONSOLE /TLBID:1 /DYNAMICBASE /NXCOMPAT /IMPLIB:"C:\Users\Michael\Documents\Visual Studio 2010\Projects\Conway\Debug\Conway.lib" /MACHINE:X86 Debug\Conway.exe.embed.manifest.res
         Debug\Main1_0.obj
       Manifest:
         C:\Program Files (x86)\Microsoft SDKs\Windows\v7.0A\bin\mt.exe /nologo /verbose /out:"Debug\Conway.exe.embed.manifest" /manifest Debug\Conway.exe.intermediate.manifest
         All outputs are up-to-date.
       LinkEmbedManifest:
         All outputs are up-to-date.
         Conway.vcxproj -> C:\Users\Michael\Documents\Visual Studio 2010\Projects\Conway\Debug\Conway.exe
       FinalizeBuildStatus:
         Deleting file "Debug\Conway.unsuccessfulbuild".
         Touching "Debug\Conway.lastbuildstate".
     1>Done Building Project "C:\Users\Michael\Documents\Visual Studio 2010\Projects\Conway\Conway\Conway.vcxproj" (build target(s)).

Build succeeded.

Time Elapsed 00:00:01.23
